client/src/pages/BlogPost.tsx(43,12): error TS18047: 'params' is possibly 'null'.
client/src/pages/BlogPost.tsx(45,58): error TS2339: Property 'id' does not exist on type 'never'.
client/src/pages/BlogPost.tsx(62,7): error TS18047: 'params' is possibly 'null'.
client/src/pages/Category.tsx(36,24): error TS18047: 'params' is possibly 'null'.
server/index.ts(33,17): error TS2339: Property 'json' does not exist on type 'typeof express'.
server/index.ts(34,17): error TS2339: Property 'urlencoded' does not exist on type 'typeof express'.
server/routes.ts(1,15): error TS2305: Module '"express"' has no exported member 'Express'.
server/storage.ts(163,31): error TS2339: Property 'published' does not exist on type '{}'.
server/storage.ts(243,11): error TS2739: Type '{ id: `${string}-${string}-${string}-${string}-${string}`; email: any; role: any; createdAt: Date; }' is missing the following properties from type '{ id: string; username: string; password: string; email: string; role: string; createdAt: Date; }': username, password
server/storage.ts(246,25): error TS2339: Property 'email' does not exist on type '{}'.
server/storage.ts(247,24): error TS2339: Property 'role' does not exist on type '{}'.
server/storage.ts(280,11): error TS2739: Type '{ id: `${string}-${string}-${string}-${string}-${string}`; description: any; createdAt: Date; }' is missing the following properties from type '{ id: string; name: string; createdAt: Date; slug: string; description: string; }': name, slug
server/storage.ts(283,35): error TS2339: Property 'description' does not exist on type '{}'.
server/storage.ts(327,11): error TS2739: Type '{ id: `${string}-${string}-${string}-${string}-${string}`; excerpt: any; featuredImage: any; authorId: any; categoryId: any; published: any; publishedAt: Date; createdAt: Date; updatedAt: Date; }' is missing the following properties from type '{ id: string; createdAt: Date; slug: string; title: string; excerpt: string; content: string; featuredImage: string; authorId: string; categoryId: string; published: boolean; publishedAt: Date; updatedAt: Date; }': slug, title, content
server/storage.ts(330,27): error TS2339: Property 'excerpt' does not exist on type '{}'.
server/storage.ts(331,33): error TS2339: Property 'featuredImage' does not exist on type '{}'.
server/storage.ts(332,28): error TS2339: Property 'authorId' does not exist on type '{}'.
server/storage.ts(333,30): error TS2339: Property 'categoryId' does not exist on type '{}'.
server/storage.ts(334,29): error TS2339: Property 'published' does not exist on type '{}'.
server/storage.ts(335,31): error TS2339: Property 'published' does not exist on type '{}'.
server/storage.ts(351,31): error TS2339: Property 'published' does not exist on type 'Partial<{}>'.
server/storage.ts(372,30): error TS2339: Property 'content' does not exist on type '{}'.
server/storage.ts(373,31): error TS2339: Property 'authorId' does not exist on type '{}'.
server/storage.ts(374,29): error TS2339: Property 'postId' does not exist on type '{}'.
server/storage.ts(375,31): error TS2339: Property 'parentId' does not exist on type '{}'.
server/storage.ts(391,22): error TS2339: Property 'tag' does not exist on type '{}'.
server/storage.ts(392,25): error TS2339: Property 'postId' does not exist on type '{}'.
server/vite.ts(1,24): error TS2305: Module '"express"' has no exported member 'Express'.
server/vite.ts(79,19): error TS2339: Property 'static' does not exist on type 'typeof express'.
shared/schema.ts(54,3): error TS2322: Type 'true' is not assignable to type 'never'.
shared/schema.ts(55,3): error TS2322: Type 'true' is not assignable to type 'never'.
shared/schema.ts(56,3): error TS2322: Type 'true' is not assignable to type 'never'.
shared/schema.ts(57,3): error TS2322: Type 'true' is not assignable to type 'never'.
shared/schema.ts(61,3): error TS2322: Type 'true' is not assignable to type 'never'.
shared/schema.ts(62,3): error TS2322: Type 'true' is not assignable to type 'never'.
shared/schema.ts(63,3): error TS2322: Type 'true' is not assignable to type 'never'.
shared/schema.ts(67,3): error TS2322: Type 'true' is not assignable to type 'never'.
shared/schema.ts(68,3): error TS2322: Type 'true' is not assignable to type 'never'.
shared/schema.ts(69,3): error TS2322: Type 'true' is not assignable to type 'never'.
shared/schema.ts(70,3): error TS2322: Type 'true' is not assignable to type 'never'.
shared/schema.ts(71,3): error TS2322: Type 'true' is not assignable to type 'never'.
shared/schema.ts(72,3): error TS2322: Type 'true' is not assignable to type 'never'.
shared/schema.ts(73,3): error TS2322: Type 'true' is not assignable to type 'never'.
shared/schema.ts(74,3): error TS2322: Type 'true' is not assignable to type 'never'.
shared/schema.ts(78,3): error TS2322: Type 'true' is not assignable to type 'never'.
shared/schema.ts(79,3): error TS2322: Type 'true' is not assignable to type 'never'.
shared/schema.ts(80,3): error TS2322: Type 'true' is not assignable to type 'never'.
shared/schema.ts(81,3): error TS2322: Type 'true' is not assignable to type 'never'.
shared/schema.ts(85,3): error TS2322: Type 'true' is not assignable to type 'never'.
shared/schema.ts(86,3): error TS2322: Type 'true' is not assignable to type 'never'.
